<?xml version="1.0" encoding="UTF-8"?>
<!-- Generated by org.testng.reporters.JUnitReportReporter -->
<testsuite skipped="0" hostname="MAC-LAP-101" name="com.macrosoftinc.automation.LoginTest" tests="2" failures="0" timestamp="11 Aug 2018 11:42:25 GMT" time="34.981" errors="0">
  <testcase name="LoginCase2" time="11.431" classname="com.macrosoftinc.automation.LoginTest"/>
  <testcase name="LoginCase1" time="23.550" classname="com.macrosoftinc.automation.LoginTest"/>
</testsuite> <!-- com.macrosoftinc.automation.LoginTest -->
