<?xml version="1.0" encoding="UTF-8"?>
<!-- Generated by org.testng.reporters.JUnitReportReporter -->
<testsuite skipped="0" hostname="MAC-LAP-101" name="com.macrosoftinc.automation.LoginTest" tests="2" failures="0" timestamp="13 Aug 2018 14:30:31 GMT" time="24.532" errors="0">
  <testcase name="LoginCase1" time="13.816" classname="com.macrosoftinc.automation.LoginTest"/>
  <testcase name="LoginCase2" time="10.716" classname="com.macrosoftinc.automation.LoginTest"/>
</testsuite> <!-- com.macrosoftinc.automation.LoginTest -->
