<?xml version="1.0" encoding="UTF-8"?>
<!-- Generated by org.testng.reporters.JUnitReportReporter -->
<testsuite hostname="MAC-LAP-101" name="com.macrosoftinc.automation.LoginTest" tests="2" failures="0" timestamp="13 Aug 2018 06:32:05 GMT" time="60.829" errors="0">
  <testcase name="LoginCase1" time="46.797" classname="com.macrosoftinc.automation.LoginTest"/>
  <testcase name="LoginCase2" time="14.032" classname="com.macrosoftinc.automation.LoginTest"/>
</testsuite> <!-- com.macrosoftinc.automation.LoginTest -->
