<?xml version="1.0" encoding="UTF-8"?>
<!-- Generated by org.testng.reporters.JUnitReportReporter -->
<testsuite hostname="MAC-LAP-101" name="com.macrosoftinc.automation.LoginTest" tests="2" failures="0" timestamp="13 Aug 2018 14:20:53 GMT" time="37.360" errors="0">
  <testcase name="LoginCase1" time="22.146" classname="com.macrosoftinc.automation.LoginTest"/>
  <testcase name="LoginCase2" time="15.214" classname="com.macrosoftinc.automation.LoginTest"/>
</testsuite> <!-- com.macrosoftinc.automation.LoginTest -->
