<?xml version="1.0" encoding="UTF-8"?>
<!-- Generated by org.testng.reporters.JUnitReportReporter -->
<testsuite hostname="MAC-LAP-101" name="com.macrosoftinc.automation.LoginTest" tests="2" failures="0" timestamp="13 Aug 2018 14:11:08 GMT" time="35.192" errors="0">
  <testcase name="LoginCase1" time="21.020" classname="com.macrosoftinc.automation.LoginTest"/>
  <testcase name="LoginCase2" time="14.172" classname="com.macrosoftinc.automation.LoginTest"/>
</testsuite> <!-- com.macrosoftinc.automation.LoginTest -->
