<?xml version="1.0" encoding="UTF-8"?>
<!-- Generated by org.testng.reporters.JUnitReportReporter -->
<testsuite skipped="0" hostname="MAC-LAP-101" name="com.macrosoftinc.automation.LoginTest" tests="1" failures="0" timestamp="30 Jul 2018 05:48:42 GMT" time="14.894" errors="0">
  <testcase name="LoginClient" time="14.894" classname="com.macrosoftinc.automation.LoginTest"/>
</testsuite> <!-- com.macrosoftinc.automation.LoginTest -->
