<?xml version="1.0" encoding="UTF-8"?>
<!-- Generated by org.testng.reporters.JUnitReportReporter -->
<testsuite hostname="MAC-LAP-101" name="com.macrosoftinc.automation.LoginTest" tests="1" failures="0" timestamp="10 Aug 2018 05:53:58 GMT" time="11.304" errors="0">
  <testcase name="LoginClient" time="11.304" classname="com.macrosoftinc.automation.LoginTest"/>
</testsuite> <!-- com.macrosoftinc.automation.LoginTest -->
