<?xml version="1.0" encoding="UTF-8"?>
<!-- Generated by org.testng.reporters.JUnitReportReporter -->
<testsuite skipped="0" hostname="MAC-LAP-101" name="com.macrosoftinc.automation.LoginTest" tests="1" failures="0" timestamp="30 Jul 2018 06:53:30 GMT" time="13.400" errors="0">
  <testcase name="LoginClient" time="13.400" classname="com.macrosoftinc.automation.LoginTest"/>
</testsuite> <!-- com.macrosoftinc.automation.LoginTest -->
