<?xml version="1.0" encoding="UTF-8"?>
<!-- Generated by org.testng.reporters.JUnitReportReporter -->
<testsuite hostname="MAC-LAP-101" name="com.macrosoftinc.automation.LoginTest" tests="2" failures="0" timestamp="13 Aug 2018 06:49:13 GMT" time="34.890" errors="0">
  <testcase name="LoginCase1" time="22.637" classname="com.macrosoftinc.automation.LoginTest"/>
  <testcase name="LoginCase2" time="12.253" classname="com.macrosoftinc.automation.LoginTest"/>
</testsuite> <!-- com.macrosoftinc.automation.LoginTest -->
