<?xml version="1.0" encoding="UTF-8"?>
<!-- Generated by org.testng.reporters.JUnitReportReporter -->
<testsuite hostname="MAC-LAP-101" name="com.macrosoftinc.automation.LoginTest" tests="2" failures="0" timestamp="14 Aug 2018 05:43:16 GMT" time="40.234" errors="0">
  <testcase name="Invalid" time="26.936" classname="com.macrosoftinc.automation.LoginTest"/>
  <testcase name="Valid" time="13.298" classname="com.macrosoftinc.automation.LoginTest"/>
</testsuite> <!-- com.macrosoftinc.automation.LoginTest -->
